2020-05-28 00:26:57.108  INFO 18456 --- [main] com.xh.App                               : Starting App on DESKTOP-5FCGF56 with PID 18456 (started by 小胖 in D:\360安全浏览器下载\poi-use-master)
2020-05-28 00:26:57.117  INFO 18456 --- [main] com.xh.App                               : No active profile set, falling back to default profiles: default
2020-05-28 00:26:57.238  INFO 18456 --- [main] ationConfigEmbeddedWebApplicationContext : Refreshing org.springframework.boot.context.embedded.AnnotationConfigEmbeddedWebApplicationContext@25be7b63: startup date [Thu May 28 00:26:57 CST 2020]; root of context hierarchy
2020-05-28 00:26:59.535  INFO 18456 --- [main] s.b.c.e.t.TomcatEmbeddedServletContainer : Tomcat initialized with port(s): 8082 (http)
2020-05-28 00:26:59.555  INFO 18456 --- [main] o.apache.catalina.core.StandardService   : Starting service [Tomcat]
2020-05-28 00:26:59.556  INFO 18456 --- [main] org.apache.catalina.core.StandardEngine  : Starting Servlet Engine: Apache Tomcat/8.5.23
2020-05-28 00:26:59.640  INFO 18456 --- [localhost-startStop-1] o.a.c.c.C.[.[localhost].[/PoiDemo]       : Initializing Spring embedded WebApplicationContext
2020-05-28 00:26:59.643  INFO 18456 --- [localhost-startStop-1] o.s.web.context.ContextLoader            : Root WebApplicationContext: initialization completed in 2406 ms
2020-05-28 00:26:59.804  INFO 18456 --- [localhost-startStop-1] o.s.b.w.servlet.ServletRegistrationBean  : Mapping servlet: 'dispatcherServlet' to [/]
2020-05-28 00:26:59.811  INFO 18456 --- [localhost-startStop-1] o.s.b.w.servlet.FilterRegistrationBean   : Mapping filter: 'characterEncodingFilter' to: [/*]
2020-05-28 00:26:59.812  INFO 18456 --- [localhost-startStop-1] o.s.b.w.servlet.FilterRegistrationBean   : Mapping filter: 'hiddenHttpMethodFilter' to: [/*]
2020-05-28 00:26:59.813  INFO 18456 --- [localhost-startStop-1] o.s.b.w.servlet.FilterRegistrationBean   : Mapping filter: 'httpPutFormContentFilter' to: [/*]
2020-05-28 00:26:59.813  INFO 18456 --- [localhost-startStop-1] o.s.b.w.servlet.FilterRegistrationBean   : Mapping filter: 'requestContextFilter' to: [/*]
2020-05-28 00:27:00.586  INFO 18456 --- [main] s.w.s.m.m.a.RequestMappingHandlerAdapter : Looking for @ControllerAdvice: org.springframework.boot.context.embedded.AnnotationConfigEmbeddedWebApplicationContext@25be7b63: startup date [Thu May 28 00:26:57 CST 2020]; root of context hierarchy
2020-05-28 00:27:00.645  INFO 18456 --- [main] s.w.s.m.m.a.RequestMappingHandlerMapping : Mapped "{[/siteInfo/importExcel],methods=[POST]}" onto public java.lang.String com.xh.controller.SiteInfoController.importExcel(org.springframework.web.multipart.MultipartFile,java.lang.Integer)
2020-05-28 00:27:00.646  INFO 18456 --- [main] s.w.s.m.m.a.RequestMappingHandlerMapping : Mapped "{[/siteInfo/exportExcel],methods=[GET],produces=[application/force-download;charset=utf-8]}" onto public java.lang.String com.xh.controller.SiteInfoController.exportExcel(java.lang.Integer,java.lang.String,java.lang.String,javax.servlet.http.HttpServletResponse)
2020-05-28 00:27:00.649  INFO 18456 --- [main] s.w.s.m.m.a.RequestMappingHandlerMapping : Mapped "{[/error]}" onto public org.springframework.http.ResponseEntity<java.util.Map<java.lang.String, java.lang.Object>> org.springframework.boot.autoconfigure.web.BasicErrorController.error(javax.servlet.http.HttpServletRequest)
2020-05-28 00:27:00.649  INFO 18456 --- [main] s.w.s.m.m.a.RequestMappingHandlerMapping : Mapped "{[/error],produces=[text/html]}" onto public org.springframework.web.servlet.ModelAndView org.springframework.boot.autoconfigure.web.BasicErrorController.errorHtml(javax.servlet.http.HttpServletRequest,javax.servlet.http.HttpServletResponse)
2020-05-28 00:27:00.677  INFO 18456 --- [main] o.s.w.s.handler.SimpleUrlHandlerMapping  : Mapped URL path [/webjars/**] onto handler of type [class org.springframework.web.servlet.resource.ResourceHttpRequestHandler]
2020-05-28 00:27:00.678  INFO 18456 --- [main] o.s.w.s.handler.SimpleUrlHandlerMapping  : Mapped URL path [/**] onto handler of type [class org.springframework.web.servlet.resource.ResourceHttpRequestHandler]
2020-05-28 00:27:00.711  INFO 18456 --- [main] o.s.w.s.handler.SimpleUrlHandlerMapping  : Mapped URL path [/**/favicon.ico] onto handler of type [class org.springframework.web.servlet.resource.ResourceHttpRequestHandler]
2020-05-28 00:27:00.731  INFO 18456 --- [main] oConfiguration$WelcomePageHandlerMapping : Adding welcome page: class path resource [public/index.html]
2020-05-28 00:27:00.951  INFO 18456 --- [main] o.s.j.e.a.AnnotationMBeanExporter        : Registering beans for JMX exposure on startup
2020-05-28 00:27:01.011  INFO 18456 --- [main] s.b.c.e.t.TomcatEmbeddedServletContainer : Tomcat started on port(s): 8082 (http)
2020-05-28 00:27:01.017  INFO 18456 --- [main] com.xh.App                               : Started App in 4.557 seconds (JVM running for 9.636)
2020-05-28 00:29:33.696  INFO 18456 --- [http-nio-8082-exec-9] o.a.c.c.C.[.[localhost].[/PoiDemo]       : Initializing Spring FrameworkServlet 'dispatcherServlet'
2020-05-28 00:29:33.697  INFO 18456 --- [http-nio-8082-exec-9] o.s.web.servlet.DispatcherServlet        : FrameworkServlet 'dispatcherServlet': initialization started
2020-05-28 00:29:33.722  INFO 18456 --- [http-nio-8082-exec-9] o.s.web.servlet.DispatcherServlet        : FrameworkServlet 'dispatcherServlet': initialization completed in 24 ms
2020-05-28 00:29:33.745  WARN 18456 --- [http-nio-8082-exec-9] o.s.web.servlet.PageNotFound             : Request method 'GET' not supported
2020-05-28 00:29:40.599  WARN 18456 --- [http-nio-8082-exec-1] o.s.web.servlet.PageNotFound             : Request method 'GET' not supported
2020-05-28 00:31:27.094  WARN 18456 --- [http-nio-8082-exec-6] o.s.web.servlet.PageNotFound             : Request method 'GET' not supported
2020-05-28 00:34:04.819  INFO 8708 --- [main] com.xh.App                               : Starting App on DESKTOP-5FCGF56 with PID 8708 (started by 小胖 in D:\360安全浏览器下载\poi-use-master)
2020-05-28 00:34:04.825  INFO 8708 --- [main] com.xh.App                               : No active profile set, falling back to default profiles: default
2020-05-28 00:34:04.937  INFO 8708 --- [main] ationConfigEmbeddedWebApplicationContext : Refreshing org.springframework.boot.context.embedded.AnnotationConfigEmbeddedWebApplicationContext@25be7b63: startup date [Thu May 28 00:34:04 CST 2020]; root of context hierarchy
2020-05-28 00:34:07.964  INFO 8708 --- [main] s.b.c.e.t.TomcatEmbeddedServletContainer : Tomcat initialized with port(s): 8082 (http)
2020-05-28 00:34:07.980  INFO 8708 --- [main] o.apache.catalina.core.StandardService   : Starting service [Tomcat]
2020-05-28 00:34:07.981  INFO 8708 --- [main] org.apache.catalina.core.StandardEngine  : Starting Servlet Engine: Apache Tomcat/8.5.23
2020-05-28 00:34:08.089  INFO 8708 --- [localhost-startStop-1] o.a.c.c.C.[.[localhost].[/PoiDemo]       : Initializing Spring embedded WebApplicationContext
2020-05-28 00:34:08.092  INFO 8708 --- [localhost-startStop-1] o.s.web.context.ContextLoader            : Root WebApplicationContext: initialization completed in 3155 ms
2020-05-28 00:34:08.287  INFO 8708 --- [localhost-startStop-1] o.s.b.w.servlet.ServletRegistrationBean  : Mapping servlet: 'dispatcherServlet' to [/]
2020-05-28 00:34:08.293  INFO 8708 --- [localhost-startStop-1] o.s.b.w.servlet.FilterRegistrationBean   : Mapping filter: 'characterEncodingFilter' to: [/*]
2020-05-28 00:34:08.294  INFO 8708 --- [localhost-startStop-1] o.s.b.w.servlet.FilterRegistrationBean   : Mapping filter: 'hiddenHttpMethodFilter' to: [/*]
2020-05-28 00:34:08.294  INFO 8708 --- [localhost-startStop-1] o.s.b.w.servlet.FilterRegistrationBean   : Mapping filter: 'httpPutFormContentFilter' to: [/*]
2020-05-28 00:34:08.295  INFO 8708 --- [localhost-startStop-1] o.s.b.w.servlet.FilterRegistrationBean   : Mapping filter: 'requestContextFilter' to: [/*]
2020-05-28 00:34:11.031  INFO 8708 --- [main] s.w.s.m.m.a.RequestMappingHandlerAdapter : Looking for @ControllerAdvice: org.springframework.boot.context.embedded.AnnotationConfigEmbeddedWebApplicationContext@25be7b63: startup date [Thu May 28 00:34:04 CST 2020]; root of context hierarchy
2020-05-28 00:34:11.208  INFO 8708 --- [main] s.w.s.m.m.a.RequestMappingHandlerMapping : Mapped "{[/siteInfo/importExcel],methods=[POST]}" onto public java.lang.String com.xh.controller.SiteInfoController.importExcel(org.springframework.web.multipart.MultipartFile,java.lang.Integer)
2020-05-28 00:34:11.212  INFO 8708 --- [main] s.w.s.m.m.a.RequestMappingHandlerMapping : Mapped "{[/siteInfo/exportExcel],methods=[GET],produces=[application/force-download;charset=utf-8]}" onto public java.lang.String com.xh.controller.SiteInfoController.exportExcel(java.lang.Integer,java.lang.String,java.lang.String,javax.servlet.http.HttpServletResponse)
2020-05-28 00:34:11.228  INFO 8708 --- [main] s.w.s.m.m.a.RequestMappingHandlerMapping : Mapped "{[/error]}" onto public org.springframework.http.ResponseEntity<java.util.Map<java.lang.String, java.lang.Object>> org.springframework.boot.autoconfigure.web.BasicErrorController.error(javax.servlet.http.HttpServletRequest)
2020-05-28 00:34:11.229  INFO 8708 --- [main] s.w.s.m.m.a.RequestMappingHandlerMapping : Mapped "{[/error],produces=[text/html]}" onto public org.springframework.web.servlet.ModelAndView org.springframework.boot.autoconfigure.web.BasicErrorController.errorHtml(javax.servlet.http.HttpServletRequest,javax.servlet.http.HttpServletResponse)
2020-05-28 00:34:11.292  INFO 8708 --- [main] o.s.w.s.handler.SimpleUrlHandlerMapping  : Mapped URL path [/webjars/**] onto handler of type [class org.springframework.web.servlet.resource.ResourceHttpRequestHandler]
2020-05-28 00:34:11.294  INFO 8708 --- [main] o.s.w.s.handler.SimpleUrlHandlerMapping  : Mapped URL path [/**] onto handler of type [class org.springframework.web.servlet.resource.ResourceHttpRequestHandler]
2020-05-28 00:34:11.361  INFO 8708 --- [main] o.s.w.s.handler.SimpleUrlHandlerMapping  : Mapped URL path [/**/favicon.ico] onto handler of type [class org.springframework.web.servlet.resource.ResourceHttpRequestHandler]
2020-05-28 00:34:11.429  INFO 8708 --- [main] oConfiguration$WelcomePageHandlerMapping : Adding welcome page: class path resource [public/index.html]
2020-05-28 00:34:11.866  INFO 8708 --- [main] o.s.j.e.a.AnnotationMBeanExporter        : Registering beans for JMX exposure on startup
2020-05-28 00:34:12.013  INFO 8708 --- [main] s.b.c.e.t.TomcatEmbeddedServletContainer : Tomcat started on port(s): 8082 (http)
2020-05-28 00:34:12.029  INFO 8708 --- [main] com.xh.App                               : Started App in 7.819 seconds (JVM running for 10.805)
2020-05-28 00:34:42.385  INFO 25752 --- [main] com.xh.App                               : Starting App on DESKTOP-5FCGF56 with PID 25752 (started by 小胖 in D:\360安全浏览器下载\poi-use-master)
2020-05-28 00:34:42.391  INFO 25752 --- [main] com.xh.App                               : No active profile set, falling back to default profiles: default
2020-05-28 00:34:42.478  INFO 25752 --- [main] ationConfigEmbeddedWebApplicationContext : Refreshing org.springframework.boot.context.embedded.AnnotationConfigEmbeddedWebApplicationContext@25be7b63: startup date [Thu May 28 00:34:42 CST 2020]; root of context hierarchy
2020-05-28 00:34:44.845  INFO 25752 --- [main] s.b.c.e.t.TomcatEmbeddedServletContainer : Tomcat initialized with port(s): 8082 (http)
2020-05-28 00:34:44.860  INFO 25752 --- [main] o.apache.catalina.core.StandardService   : Starting service [Tomcat]
2020-05-28 00:34:44.862  INFO 25752 --- [main] org.apache.catalina.core.StandardEngine  : Starting Servlet Engine: Apache Tomcat/8.5.23
2020-05-28 00:34:45.027  INFO 25752 --- [localhost-startStop-1] o.a.c.c.C.[.[localhost].[/PoiDemo]       : Initializing Spring embedded WebApplicationContext
2020-05-28 00:34:45.029  INFO 25752 --- [localhost-startStop-1] o.s.web.context.ContextLoader            : Root WebApplicationContext: initialization completed in 2551 ms
2020-05-28 00:34:45.216  INFO 25752 --- [localhost-startStop-1] o.s.b.w.servlet.ServletRegistrationBean  : Mapping servlet: 'dispatcherServlet' to [/]
2020-05-28 00:34:45.221  INFO 25752 --- [localhost-startStop-1] o.s.b.w.servlet.FilterRegistrationBean   : Mapping filter: 'characterEncodingFilter' to: [/*]
2020-05-28 00:34:45.222  INFO 25752 --- [localhost-startStop-1] o.s.b.w.servlet.FilterRegistrationBean   : Mapping filter: 'hiddenHttpMethodFilter' to: [/*]
2020-05-28 00:34:45.222  INFO 25752 --- [localhost-startStop-1] o.s.b.w.servlet.FilterRegistrationBean   : Mapping filter: 'httpPutFormContentFilter' to: [/*]
2020-05-28 00:34:45.223  INFO 25752 --- [localhost-startStop-1] o.s.b.w.servlet.FilterRegistrationBean   : Mapping filter: 'requestContextFilter' to: [/*]
2020-05-28 00:34:45.956  INFO 25752 --- [main] s.w.s.m.m.a.RequestMappingHandlerAdapter : Looking for @ControllerAdvice: org.springframework.boot.context.embedded.AnnotationConfigEmbeddedWebApplicationContext@25be7b63: startup date [Thu May 28 00:34:42 CST 2020]; root of context hierarchy
2020-05-28 00:34:46.017  INFO 25752 --- [main] s.w.s.m.m.a.RequestMappingHandlerMapping : Mapped "{[/siteInfo/importExcel],methods=[POST]}" onto public java.lang.String com.xh.controller.SiteInfoController.importExcel(org.springframework.web.multipart.MultipartFile,java.lang.Integer)
2020-05-28 00:34:46.020  INFO 25752 --- [main] s.w.s.m.m.a.RequestMappingHandlerMapping : Mapped "{[/siteInfo/exportExcel],methods=[GET],produces=[application/force-download;charset=utf-8]}" onto public java.lang.String com.xh.controller.SiteInfoController.exportExcel(java.lang.Integer,java.lang.String,java.lang.String,javax.servlet.http.HttpServletResponse)
2020-05-28 00:34:46.024  INFO 25752 --- [main] s.w.s.m.m.a.RequestMappingHandlerMapping : Mapped "{[/error]}" onto public org.springframework.http.ResponseEntity<java.util.Map<java.lang.String, java.lang.Object>> org.springframework.boot.autoconfigure.web.BasicErrorController.error(javax.servlet.http.HttpServletRequest)
2020-05-28 00:34:46.024  INFO 25752 --- [main] s.w.s.m.m.a.RequestMappingHandlerMapping : Mapped "{[/error],produces=[text/html]}" onto public org.springframework.web.servlet.ModelAndView org.springframework.boot.autoconfigure.web.BasicErrorController.errorHtml(javax.servlet.http.HttpServletRequest,javax.servlet.http.HttpServletResponse)
2020-05-28 00:34:46.071  INFO 25752 --- [main] o.s.w.s.handler.SimpleUrlHandlerMapping  : Mapped URL path [/webjars/**] onto handler of type [class org.springframework.web.servlet.resource.ResourceHttpRequestHandler]
2020-05-28 00:34:46.072  INFO 25752 --- [main] o.s.w.s.handler.SimpleUrlHandlerMapping  : Mapped URL path [/**] onto handler of type [class org.springframework.web.servlet.resource.ResourceHttpRequestHandler]
2020-05-28 00:34:46.128  INFO 25752 --- [main] o.s.w.s.handler.SimpleUrlHandlerMapping  : Mapped URL path [/**/favicon.ico] onto handler of type [class org.springframework.web.servlet.resource.ResourceHttpRequestHandler]
2020-05-28 00:34:46.163  INFO 25752 --- [main] oConfiguration$WelcomePageHandlerMapping : Adding welcome page: class path resource [public/index.html]
2020-05-28 00:34:46.595  INFO 25752 --- [main] o.s.j.e.a.AnnotationMBeanExporter        : Registering beans for JMX exposure on startup
2020-05-28 00:34:46.691  INFO 25752 --- [main] s.b.c.e.t.TomcatEmbeddedServletContainer : Tomcat started on port(s): 8082 (http)
2020-05-28 00:34:46.698  INFO 25752 --- [main] com.xh.App                               : Started App in 4.848 seconds (JVM running for 7.248)
2020-05-28 00:35:00.690  INFO 25752 --- [http-nio-8082-exec-1] o.a.c.c.C.[.[localhost].[/PoiDemo]       : Initializing Spring FrameworkServlet 'dispatcherServlet'
2020-05-28 00:35:00.691  INFO 25752 --- [http-nio-8082-exec-1] o.s.web.servlet.DispatcherServlet        : FrameworkServlet 'dispatcherServlet': initialization started
2020-05-28 00:35:00.709  INFO 25752 --- [http-nio-8082-exec-1] o.s.web.servlet.DispatcherServlet        : FrameworkServlet 'dispatcherServlet': initialization completed in 18 ms
2020-05-28 00:35:00.733  WARN 25752 --- [http-nio-8082-exec-1] o.s.web.servlet.PageNotFound             : Request method 'GET' not supported
2020-05-28 00:38:16.006  INFO 13028 --- [main] com.xh.App                               : Starting App on DESKTOP-5FCGF56 with PID 13028 (started by 小胖 in D:\360安全浏览器下载\poi-use-master)
2020-05-28 00:38:16.023  INFO 13028 --- [main] com.xh.App                               : No active profile set, falling back to default profiles: default
2020-05-28 00:38:16.154  INFO 13028 --- [main] ationConfigEmbeddedWebApplicationContext : Refreshing org.springframework.boot.context.embedded.AnnotationConfigEmbeddedWebApplicationContext@25be7b63: startup date [Thu May 28 00:38:16 CST 2020]; root of context hierarchy
2020-05-28 00:38:19.019  INFO 13028 --- [main] s.b.c.e.t.TomcatEmbeddedServletContainer : Tomcat initialized with port(s): 8082 (http)
2020-05-28 00:38:19.041  INFO 13028 --- [main] o.apache.catalina.core.StandardService   : Starting service [Tomcat]
2020-05-28 00:38:19.043  INFO 13028 --- [main] org.apache.catalina.core.StandardEngine  : Starting Servlet Engine: Apache Tomcat/8.5.23
2020-05-28 00:38:19.206  INFO 13028 --- [localhost-startStop-1] o.a.c.c.C.[.[localhost].[/PoiDemo]       : Initializing Spring embedded WebApplicationContext
2020-05-28 00:38:19.208  INFO 13028 --- [localhost-startStop-1] o.s.web.context.ContextLoader            : Root WebApplicationContext: initialization completed in 3054 ms
2020-05-28 00:38:19.464  INFO 13028 --- [localhost-startStop-1] o.s.b.w.servlet.ServletRegistrationBean  : Mapping servlet: 'dispatcherServlet' to [/]
2020-05-28 00:38:19.472  INFO 13028 --- [localhost-startStop-1] o.s.b.w.servlet.FilterRegistrationBean   : Mapping filter: 'characterEncodingFilter' to: [/*]
2020-05-28 00:38:19.474  INFO 13028 --- [localhost-startStop-1] o.s.b.w.servlet.FilterRegistrationBean   : Mapping filter: 'hiddenHttpMethodFilter' to: [/*]
2020-05-28 00:38:19.474  INFO 13028 --- [localhost-startStop-1] o.s.b.w.servlet.FilterRegistrationBean   : Mapping filter: 'httpPutFormContentFilter' to: [/*]
2020-05-28 00:38:19.475  INFO 13028 --- [localhost-startStop-1] o.s.b.w.servlet.FilterRegistrationBean   : Mapping filter: 'requestContextFilter' to: [/*]
2020-05-28 00:38:20.736  INFO 13028 --- [main] s.w.s.m.m.a.RequestMappingHandlerAdapter : Looking for @ControllerAdvice: org.springframework.boot.context.embedded.AnnotationConfigEmbeddedWebApplicationContext@25be7b63: startup date [Thu May 28 00:38:16 CST 2020]; root of context hierarchy
2020-05-28 00:38:20.830  INFO 13028 --- [main] s.w.s.m.m.a.RequestMappingHandlerMapping : Mapped "{[/siteInfo/exportExcel],methods=[GET],produces=[application/force-download;charset=utf-8]}" onto public java.lang.String com.xh.controller.SiteInfoController.exportExcel(java.lang.Integer,java.lang.String,java.lang.String,javax.servlet.http.HttpServletResponse)
2020-05-28 00:38:20.832  INFO 13028 --- [main] s.w.s.m.m.a.RequestMappingHandlerMapping : Mapped "{[/siteInfo/importExcel]}" onto public java.lang.String com.xh.controller.SiteInfoController.importExcel(org.springframework.web.multipart.MultipartFile,java.lang.Integer)
2020-05-28 00:38:20.838  INFO 13028 --- [main] s.w.s.m.m.a.RequestMappingHandlerMapping : Mapped "{[/error]}" onto public org.springframework.http.ResponseEntity<java.util.Map<java.lang.String, java.lang.Object>> org.springframework.boot.autoconfigure.web.BasicErrorController.error(javax.servlet.http.HttpServletRequest)
2020-05-28 00:38:20.839  INFO 13028 --- [main] s.w.s.m.m.a.RequestMappingHandlerMapping : Mapped "{[/error],produces=[text/html]}" onto public org.springframework.web.servlet.ModelAndView org.springframework.boot.autoconfigure.web.BasicErrorController.errorHtml(javax.servlet.http.HttpServletRequest,javax.servlet.http.HttpServletResponse)
2020-05-28 00:38:20.894  INFO 13028 --- [main] o.s.w.s.handler.SimpleUrlHandlerMapping  : Mapped URL path [/webjars/**] onto handler of type [class org.springframework.web.servlet.resource.ResourceHttpRequestHandler]
2020-05-28 00:38:20.894  INFO 13028 --- [main] o.s.w.s.handler.SimpleUrlHandlerMapping  : Mapped URL path [/**] onto handler of type [class org.springframework.web.servlet.resource.ResourceHttpRequestHandler]
2020-05-28 00:38:20.998  INFO 13028 --- [main] o.s.w.s.handler.SimpleUrlHandlerMapping  : Mapped URL path [/**/favicon.ico] onto handler of type [class org.springframework.web.servlet.resource.ResourceHttpRequestHandler]
2020-05-28 00:38:21.043  INFO 13028 --- [main] oConfiguration$WelcomePageHandlerMapping : Adding welcome page: class path resource [public/index.html]
2020-05-28 00:38:21.359  INFO 13028 --- [main] o.s.j.e.a.AnnotationMBeanExporter        : Registering beans for JMX exposure on startup
2020-05-28 00:38:21.444  INFO 13028 --- [main] s.b.c.e.t.TomcatEmbeddedServletContainer : Tomcat started on port(s): 8082 (http)
2020-05-28 00:38:21.454  INFO 13028 --- [main] com.xh.App                               : Started App in 6.24 seconds (JVM running for 8.272)
2020-05-28 00:38:30.218  INFO 13028 --- [http-nio-8082-exec-3] o.a.c.c.C.[.[localhost].[/PoiDemo]       : Initializing Spring FrameworkServlet 'dispatcherServlet'
2020-05-28 00:38:30.219  INFO 13028 --- [http-nio-8082-exec-3] o.s.web.servlet.DispatcherServlet        : FrameworkServlet 'dispatcherServlet': initialization started
2020-05-28 00:38:30.256  INFO 13028 --- [http-nio-8082-exec-3] o.s.web.servlet.DispatcherServlet        : FrameworkServlet 'dispatcherServlet': initialization completed in 37 ms
2020-05-28 00:38:30.332 ERROR 13028 --- [http-nio-8082-exec-3] o.a.c.c.C.[.[.[.[dispatcherServlet]      : Servlet.service() for servlet [dispatcherServlet] in context with path [/PoiDemo] threw exception [Request processing failed; nested exception is org.springframework.web.multipart.MultipartException: Current request is not a multipart request] with root cause

org.springframework.web.multipart.MultipartException: Current request is not a multipart request
	at org.springframework.web.method.annotation.RequestParamMethodArgumentResolver.handleMissingValue(RequestParamMethodArgumentResolver.java:190) ~[spring-web-4.3.13.RELEASE.jar:4.3.13.RELEASE]
	at org.springframework.web.method.annotation.AbstractNamedValueMethodArgumentResolver.resolveArgument(AbstractNamedValueMethodArgumentResolver.java:109) ~[spring-web-4.3.13.RELEASE.jar:4.3.13.RELEASE]
	at org.springframework.web.method.support.HandlerMethodArgumentResolverComposite.resolveArgument(HandlerMethodArgumentResolverComposite.java:121) ~[spring-web-4.3.13.RELEASE.jar:4.3.13.RELEASE]
	at org.springframework.web.method.support.InvocableHandlerMethod.getMethodArgumentValues(InvocableHandlerMethod.java:158) ~[spring-web-4.3.13.RELEASE.jar:4.3.13.RELEASE]
	at org.springframework.web.method.support.InvocableHandlerMethod.invokeForRequest(InvocableHandlerMethod.java:128) ~[spring-web-4.3.13.RELEASE.jar:4.3.13.RELEASE]
	at org.springframework.web.servlet.mvc.method.annotation.ServletInvocableHandlerMethod.invokeAndHandle(ServletInvocableHandlerMethod.java:97) ~[spring-webmvc-4.3.13.RELEASE.jar:4.3.13.RELEASE]
	at org.springframework.web.servlet.mvc.method.annotation.RequestMappingHandlerAdapter.invokeHandlerMethod(RequestMappingHandlerAdapter.java:827) ~[spring-webmvc-4.3.13.RELEASE.jar:4.3.13.RELEASE]
	at org.springframework.web.servlet.mvc.method.annotation.RequestMappingHandlerAdapter.handleInternal(RequestMappingHandlerAdapter.java:738) ~[spring-webmvc-4.3.13.RELEASE.jar:4.3.13.RELEASE]
	at org.springframework.web.servlet.mvc.method.AbstractHandlerMethodAdapter.handle(AbstractHandlerMethodAdapter.java:85) ~[spring-webmvc-4.3.13.RELEASE.jar:4.3.13.RELEASE]
	at org.springframework.web.servlet.DispatcherServlet.doDispatch(DispatcherServlet.java:967) ~[spring-webmvc-4.3.13.RELEASE.jar:4.3.13.RELEASE]
	at org.springframework.web.servlet.DispatcherServlet.doService(DispatcherServlet.java:901) ~[spring-webmvc-4.3.13.RELEASE.jar:4.3.13.RELEASE]
	at org.springframework.web.servlet.FrameworkServlet.processRequest(FrameworkServlet.java:970) ~[spring-webmvc-4.3.13.RELEASE.jar:4.3.13.RELEASE]
	at org.springframework.web.servlet.FrameworkServlet.doGet(FrameworkServlet.java:861) ~[spring-webmvc-4.3.13.RELEASE.jar:4.3.13.RELEASE]
	at javax.servlet.http.HttpServlet.service(HttpServlet.java:635) ~[tomcat-embed-core-8.5.23.jar:8.5.23]
	at org.springframework.web.servlet.FrameworkServlet.service(FrameworkServlet.java:846) ~[spring-webmvc-4.3.13.RELEASE.jar:4.3.13.RELEASE]
	at javax.servlet.http.HttpServlet.service(HttpServlet.java:742) ~[tomcat-embed-core-8.5.23.jar:8.5.23]
	at org.apache.catalina.core.ApplicationFilterChain.internalDoFilter(ApplicationFilterChain.java:231) ~[tomcat-embed-core-8.5.23.jar:8.5.23]
	at org.apache.catalina.core.ApplicationFilterChain.doFilter(ApplicationFilterChain.java:166) ~[tomcat-embed-core-8.5.23.jar:8.5.23]
	at org.apache.tomcat.websocket.server.WsFilter.doFilter(WsFilter.java:52) ~[tomcat-embed-websocket-8.5.23.jar:8.5.23]
	at org.apache.catalina.core.ApplicationFilterChain.internalDoFilter(ApplicationFilterChain.java:193) ~[tomcat-embed-core-8.5.23.jar:8.5.23]
	at org.apache.catalina.core.ApplicationFilterChain.doFilter(ApplicationFilterChain.java:166) ~[tomcat-embed-core-8.5.23.jar:8.5.23]
	at org.springframework.web.filter.RequestContextFilter.doFilterInternal(RequestContextFilter.java:99) ~[spring-web-4.3.13.RELEASE.jar:4.3.13.RELEASE]
	at org.springframework.web.filter.OncePerRequestFilter.doFilter(OncePerRequestFilter.java:107) ~[spring-web-4.3.13.RELEASE.jar:4.3.13.RELEASE]
	at org.apache.catalina.core.ApplicationFilterChain.internalDoFilter(ApplicationFilterChain.java:193) ~[tomcat-embed-core-8.5.23.jar:8.5.23]
	at org.apache.catalina.core.ApplicationFilterChain.doFilter(ApplicationFilterChain.java:166) ~[tomcat-embed-core-8.5.23.jar:8.5.23]
	at org.springframework.web.filter.HttpPutFormContentFilter.doFilterInternal(HttpPutFormContentFilter.java:108) ~[spring-web-4.3.13.RELEASE.jar:4.3.13.RELEASE]
	at org.springframework.web.filter.OncePerRequestFilter.doFilter(OncePerRequestFilter.java:107) ~[spring-web-4.3.13.RELEASE.jar:4.3.13.RELEASE]
	at org.apache.catalina.core.ApplicationFilterChain.internalDoFilter(ApplicationFilterChain.java:193) ~[tomcat-embed-core-8.5.23.jar:8.5.23]
	at org.apache.catalina.core.ApplicationFilterChain.doFilter(ApplicationFilterChain.java:166) ~[tomcat-embed-core-8.5.23.jar:8.5.23]
	at org.springframework.web.filter.HiddenHttpMethodFilter.doFilterInternal(HiddenHttpMethodFilter.java:81) ~[spring-web-4.3.13.RELEASE.jar:4.3.13.RELEASE]
	at org.springframework.web.filter.OncePerRequestFilter.doFilter(OncePerRequestFilter.java:107) ~[spring-web-4.3.13.RELEASE.jar:4.3.13.RELEASE]
	at org.apache.catalina.core.ApplicationFilterChain.internalDoFilter(ApplicationFilterChain.java:193) ~[tomcat-embed-core-8.5.23.jar:8.5.23]
	at org.apache.catalina.core.ApplicationFilterChain.doFilter(ApplicationFilterChain.java:166) ~[tomcat-embed-core-8.5.23.jar:8.5.23]
	at org.springframework.web.filter.CharacterEncodingFilter.doFilterInternal(CharacterEncodingFilter.java:197) ~[spring-web-4.3.13.RELEASE.jar:4.3.13.RELEASE]
	at org.springframework.web.filter.OncePerRequestFilter.doFilter(OncePerRequestFilter.java:107) ~[spring-web-4.3.13.RELEASE.jar:4.3.13.RELEASE]
	at org.apache.catalina.core.ApplicationFilterChain.internalDoFilter(ApplicationFilterChain.java:193) ~[tomcat-embed-core-8.5.23.jar:8.5.23]
	at org.apache.catalina.core.ApplicationFilterChain.doFilter(ApplicationFilterChain.java:166) ~[tomcat-embed-core-8.5.23.jar:8.5.23]
	at org.apache.catalina.core.StandardWrapperValve.invoke(StandardWrapperValve.java:199) ~[tomcat-embed-core-8.5.23.jar:8.5.23]
	at org.apache.catalina.core.StandardContextValve.invoke(StandardContextValve.java:96) ~[tomcat-embed-core-8.5.23.jar:8.5.23]
	at org.apache.catalina.authenticator.AuthenticatorBase.invoke(AuthenticatorBase.java:478) ~[tomcat-embed-core-8.5.23.jar:8.5.23]
	at org.apache.catalina.core.StandardHostValve.invoke(StandardHostValve.java:140) ~[tomcat-embed-core-8.5.23.jar:8.5.23]
	at org.apache.catalina.valves.ErrorReportValve.invoke(ErrorReportValve.java:81) ~[tomcat-embed-core-8.5.23.jar:8.5.23]
	at org.apache.catalina.core.StandardEngineValve.invoke(StandardEngineValve.java:87) ~[tomcat-embed-core-8.5.23.jar:8.5.23]
	at org.apache.catalina.connector.CoyoteAdapter.service(CoyoteAdapter.java:342) ~[tomcat-embed-core-8.5.23.jar:8.5.23]
	at org.apache.coyote.http11.Http11Processor.service(Http11Processor.java:803) ~[tomcat-embed-core-8.5.23.jar:8.5.23]
	at org.apache.coyote.AbstractProcessorLight.process(AbstractProcessorLight.java:66) ~[tomcat-embed-core-8.5.23.jar:8.5.23]
	at org.apache.coyote.AbstractProtocol$ConnectionHandler.process(AbstractProtocol.java:868) ~[tomcat-embed-core-8.5.23.jar:8.5.23]
	at org.apache.tomcat.util.net.NioEndpoint$SocketProcessor.doRun(NioEndpoint.java:1459) ~[tomcat-embed-core-8.5.23.jar:8.5.23]
	at org.apache.tomcat.util.net.SocketProcessorBase.run(SocketProcessorBase.java:49) ~[tomcat-embed-core-8.5.23.jar:8.5.23]
	at java.base/java.util.concurrent.ThreadPoolExecutor.runWorker(ThreadPoolExecutor.java:1128) ~[na:na]
	at java.base/java.util.concurrent.ThreadPoolExecutor$Worker.run(ThreadPoolExecutor.java:628) ~[na:na]
	at org.apache.tomcat.util.threads.TaskThread$WrappingRunnable.run(TaskThread.java:61) ~[tomcat-embed-core-8.5.23.jar:8.5.23]
	at java.base/java.lang.Thread.run(Thread.java:834) ~[na:na]

2020-05-28 00:38:38.298 ERROR 13028 --- [http-nio-8082-exec-5] o.a.c.c.C.[.[.[.[dispatcherServlet]      : Servlet.service() for servlet [dispatcherServlet] in context with path [/PoiDemo] threw exception [Request processing failed; nested exception is org.springframework.web.multipart.MultipartException: Current request is not a multipart request] with root cause

org.springframework.web.multipart.MultipartException: Current request is not a multipart request
	at org.springframework.web.method.annotation.RequestParamMethodArgumentResolver.handleMissingValue(RequestParamMethodArgumentResolver.java:190) ~[spring-web-4.3.13.RELEASE.jar:4.3.13.RELEASE]
	at org.springframework.web.method.annotation.AbstractNamedValueMethodArgumentResolver.resolveArgument(AbstractNamedValueMethodArgumentResolver.java:109) ~[spring-web-4.3.13.RELEASE.jar:4.3.13.RELEASE]
	at org.springframework.web.method.support.HandlerMethodArgumentResolverComposite.resolveArgument(HandlerMethodArgumentResolverComposite.java:121) ~[spring-web-4.3.13.RELEASE.jar:4.3.13.RELEASE]
	at org.springframework.web.method.support.InvocableHandlerMethod.getMethodArgumentValues(InvocableHandlerMethod.java:158) ~[spring-web-4.3.13.RELEASE.jar:4.3.13.RELEASE]
	at org.springframework.web.method.support.InvocableHandlerMethod.invokeForRequest(InvocableHandlerMethod.java:128) ~[spring-web-4.3.13.RELEASE.jar:4.3.13.RELEASE]
	at org.springframework.web.servlet.mvc.method.annotation.ServletInvocableHandlerMethod.invokeAndHandle(ServletInvocableHandlerMethod.java:97) ~[spring-webmvc-4.3.13.RELEASE.jar:4.3.13.RELEASE]
	at org.springframework.web.servlet.mvc.method.annotation.RequestMappingHandlerAdapter.invokeHandlerMethod(RequestMappingHandlerAdapter.java:827) ~[spring-webmvc-4.3.13.RELEASE.jar:4.3.13.RELEASE]
	at org.springframework.web.servlet.mvc.method.annotation.RequestMappingHandlerAdapter.handleInternal(RequestMappingHandlerAdapter.java:738) ~[spring-webmvc-4.3.13.RELEASE.jar:4.3.13.RELEASE]
	at org.springframework.web.servlet.mvc.method.AbstractHandlerMethodAdapter.handle(AbstractHandlerMethodAdapter.java:85) ~[spring-webmvc-4.3.13.RELEASE.jar:4.3.13.RELEASE]
	at org.springframework.web.servlet.DispatcherServlet.doDispatch(DispatcherServlet.java:967) ~[spring-webmvc-4.3.13.RELEASE.jar:4.3.13.RELEASE]
	at org.springframework.web.servlet.DispatcherServlet.doService(DispatcherServlet.java:901) ~[spring-webmvc-4.3.13.RELEASE.jar:4.3.13.RELEASE]
	at org.springframework.web.servlet.FrameworkServlet.processRequest(FrameworkServlet.java:970) ~[spring-webmvc-4.3.13.RELEASE.jar:4.3.13.RELEASE]
	at org.springframework.web.servlet.FrameworkServlet.doGet(FrameworkServlet.java:861) ~[spring-webmvc-4.3.13.RELEASE.jar:4.3.13.RELEASE]
	at javax.servlet.http.HttpServlet.service(HttpServlet.java:635) ~[tomcat-embed-core-8.5.23.jar:8.5.23]
	at org.springframework.web.servlet.FrameworkServlet.service(FrameworkServlet.java:846) ~[spring-webmvc-4.3.13.RELEASE.jar:4.3.13.RELEASE]
	at javax.servlet.http.HttpServlet.service(HttpServlet.java:742) ~[tomcat-embed-core-8.5.23.jar:8.5.23]
	at org.apache.catalina.core.ApplicationFilterChain.internalDoFilter(ApplicationFilterChain.java:231) ~[tomcat-embed-core-8.5.23.jar:8.5.23]
	at org.apache.catalina.core.ApplicationFilterChain.doFilter(ApplicationFilterChain.java:166) ~[tomcat-embed-core-8.5.23.jar:8.5.23]
	at org.apache.tomcat.websocket.server.WsFilter.doFilter(WsFilter.java:52) ~[tomcat-embed-websocket-8.5.23.jar:8.5.23]
	at org.apache.catalina.core.ApplicationFilterChain.internalDoFilter(ApplicationFilterChain.java:193) ~[tomcat-embed-core-8.5.23.jar:8.5.23]
	at org.apache.catalina.core.ApplicationFilterChain.doFilter(ApplicationFilterChain.java:166) ~[tomcat-embed-core-8.5.23.jar:8.5.23]
	at org.springframework.web.filter.RequestContextFilter.doFilterInternal(RequestContextFilter.java:99) ~[spring-web-4.3.13.RELEASE.jar:4.3.13.RELEASE]
	at org.springframework.web.filter.OncePerRequestFilter.doFilter(OncePerRequestFilter.java:107) ~[spring-web-4.3.13.RELEASE.jar:4.3.13.RELEASE]
	at org.apache.catalina.core.ApplicationFilterChain.internalDoFilter(ApplicationFilterChain.java:193) ~[tomcat-embed-core-8.5.23.jar:8.5.23]
	at org.apache.catalina.core.ApplicationFilterChain.doFilter(ApplicationFilterChain.java:166) ~[tomcat-embed-core-8.5.23.jar:8.5.23]
	at org.springframework.web.filter.HttpPutFormContentFilter.doFilterInternal(HttpPutFormContentFilter.java:108) ~[spring-web-4.3.13.RELEASE.jar:4.3.13.RELEASE]
	at org.springframework.web.filter.OncePerRequestFilter.doFilter(OncePerRequestFilter.java:107) ~[spring-web-4.3.13.RELEASE.jar:4.3.13.RELEASE]
	at org.apache.catalina.core.ApplicationFilterChain.internalDoFilter(ApplicationFilterChain.java:193) ~[tomcat-embed-core-8.5.23.jar:8.5.23]
	at org.apache.catalina.core.ApplicationFilterChain.doFilter(ApplicationFilterChain.java:166) ~[tomcat-embed-core-8.5.23.jar:8.5.23]
	at org.springframework.web.filter.HiddenHttpMethodFilter.doFilterInternal(HiddenHttpMethodFilter.java:81) ~[spring-web-4.3.13.RELEASE.jar:4.3.13.RELEASE]
	at org.springframework.web.filter.OncePerRequestFilter.doFilter(OncePerRequestFilter.java:107) ~[spring-web-4.3.13.RELEASE.jar:4.3.13.RELEASE]
	at org.apache.catalina.core.ApplicationFilterChain.internalDoFilter(ApplicationFilterChain.java:193) ~[tomcat-embed-core-8.5.23.jar:8.5.23]
	at org.apache.catalina.core.ApplicationFilterChain.doFilter(ApplicationFilterChain.java:166) ~[tomcat-embed-core-8.5.23.jar:8.5.23]
	at org.springframework.web.filter.CharacterEncodingFilter.doFilterInternal(CharacterEncodingFilter.java:197) ~[spring-web-4.3.13.RELEASE.jar:4.3.13.RELEASE]
	at org.springframework.web.filter.OncePerRequestFilter.doFilter(OncePerRequestFilter.java:107) ~[spring-web-4.3.13.RELEASE.jar:4.3.13.RELEASE]
	at org.apache.catalina.core.ApplicationFilterChain.internalDoFilter(ApplicationFilterChain.java:193) ~[tomcat-embed-core-8.5.23.jar:8.5.23]
	at org.apache.catalina.core.ApplicationFilterChain.doFilter(ApplicationFilterChain.java:166) ~[tomcat-embed-core-8.5.23.jar:8.5.23]
	at org.apache.catalina.core.StandardWrapperValve.invoke(StandardWrapperValve.java:199) ~[tomcat-embed-core-8.5.23.jar:8.5.23]
	at org.apache.catalina.core.StandardContextValve.invoke(StandardContextValve.java:96) ~[tomcat-embed-core-8.5.23.jar:8.5.23]
	at org.apache.catalina.authenticator.AuthenticatorBase.invoke(AuthenticatorBase.java:478) ~[tomcat-embed-core-8.5.23.jar:8.5.23]
	at org.apache.catalina.core.StandardHostValve.invoke(StandardHostValve.java:140) ~[tomcat-embed-core-8.5.23.jar:8.5.23]
	at org.apache.catalina.valves.ErrorReportValve.invoke(ErrorReportValve.java:81) ~[tomcat-embed-core-8.5.23.jar:8.5.23]
	at org.apache.catalina.core.StandardEngineValve.invoke(StandardEngineValve.java:87) ~[tomcat-embed-core-8.5.23.jar:8.5.23]
	at org.apache.catalina.connector.CoyoteAdapter.service(CoyoteAdapter.java:342) ~[tomcat-embed-core-8.5.23.jar:8.5.23]
	at org.apache.coyote.http11.Http11Processor.service(Http11Processor.java:803) ~[tomcat-embed-core-8.5.23.jar:8.5.23]
	at org.apache.coyote.AbstractProcessorLight.process(AbstractProcessorLight.java:66) ~[tomcat-embed-core-8.5.23.jar:8.5.23]
	at org.apache.coyote.AbstractProtocol$ConnectionHandler.process(AbstractProtocol.java:868) ~[tomcat-embed-core-8.5.23.jar:8.5.23]
	at org.apache.tomcat.util.net.NioEndpoint$SocketProcessor.doRun(NioEndpoint.java:1459) ~[tomcat-embed-core-8.5.23.jar:8.5.23]
	at org.apache.tomcat.util.net.SocketProcessorBase.run(SocketProcessorBase.java:49) ~[tomcat-embed-core-8.5.23.jar:8.5.23]
	at java.base/java.util.concurrent.ThreadPoolExecutor.runWorker(ThreadPoolExecutor.java:1128) ~[na:na]
	at java.base/java.util.concurrent.ThreadPoolExecutor$Worker.run(ThreadPoolExecutor.java:628) ~[na:na]
	at org.apache.tomcat.util.threads.TaskThread$WrappingRunnable.run(TaskThread.java:61) ~[tomcat-embed-core-8.5.23.jar:8.5.23]
	at java.base/java.lang.Thread.run(Thread.java:834) ~[na:na]

2020-05-28 00:40:21.781 ERROR 13028 --- [http-nio-8082-exec-7] o.a.c.c.C.[.[.[.[dispatcherServlet]      : Servlet.service() for servlet [dispatcherServlet] in context with path [/PoiDemo] threw exception [Request processing failed; nested exception is org.springframework.web.multipart.MultipartException: Current request is not a multipart request] with root cause

org.springframework.web.multipart.MultipartException: Current request is not a multipart request
	at org.springframework.web.method.annotation.RequestParamMethodArgumentResolver.handleMissingValue(RequestParamMethodArgumentResolver.java:190) ~[spring-web-4.3.13.RELEASE.jar:4.3.13.RELEASE]
	at org.springframework.web.method.annotation.AbstractNamedValueMethodArgumentResolver.resolveArgument(AbstractNamedValueMethodArgumentResolver.java:109) ~[spring-web-4.3.13.RELEASE.jar:4.3.13.RELEASE]
	at org.springframework.web.method.support.HandlerMethodArgumentResolverComposite.resolveArgument(HandlerMethodArgumentResolverComposite.java:121) ~[spring-web-4.3.13.RELEASE.jar:4.3.13.RELEASE]
	at org.springframework.web.method.support.InvocableHandlerMethod.getMethodArgumentValues(InvocableHandlerMethod.java:158) ~[spring-web-4.3.13.RELEASE.jar:4.3.13.RELEASE]
	at org.springframework.web.method.support.InvocableHandlerMethod.invokeForRequest(InvocableHandlerMethod.java:128) ~[spring-web-4.3.13.RELEASE.jar:4.3.13.RELEASE]
	at org.springframework.web.servlet.mvc.method.annotation.ServletInvocableHandlerMethod.invokeAndHandle(ServletInvocableHandlerMethod.java:97) ~[spring-webmvc-4.3.13.RELEASE.jar:4.3.13.RELEASE]
	at org.springframework.web.servlet.mvc.method.annotation.RequestMappingHandlerAdapter.invokeHandlerMethod(RequestMappingHandlerAdapter.java:827) ~[spring-webmvc-4.3.13.RELEASE.jar:4.3.13.RELEASE]
	at org.springframework.web.servlet.mvc.method.annotation.RequestMappingHandlerAdapter.handleInternal(RequestMappingHandlerAdapter.java:738) ~[spring-webmvc-4.3.13.RELEASE.jar:4.3.13.RELEASE]
	at org.springframework.web.servlet.mvc.method.AbstractHandlerMethodAdapter.handle(AbstractHandlerMethodAdapter.java:85) ~[spring-webmvc-4.3.13.RELEASE.jar:4.3.13.RELEASE]
	at org.springframework.web.servlet.DispatcherServlet.doDispatch(DispatcherServlet.java:967) ~[spring-webmvc-4.3.13.RELEASE.jar:4.3.13.RELEASE]
	at org.springframework.web.servlet.DispatcherServlet.doService(DispatcherServlet.java:901) ~[spring-webmvc-4.3.13.RELEASE.jar:4.3.13.RELEASE]
	at org.springframework.web.servlet.FrameworkServlet.processRequest(FrameworkServlet.java:970) ~[spring-webmvc-4.3.13.RELEASE.jar:4.3.13.RELEASE]
	at org.springframework.web.servlet.FrameworkServlet.doGet(FrameworkServlet.java:861) ~[spring-webmvc-4.3.13.RELEASE.jar:4.3.13.RELEASE]
	at javax.servlet.http.HttpServlet.service(HttpServlet.java:635) ~[tomcat-embed-core-8.5.23.jar:8.5.23]
	at org.springframework.web.servlet.FrameworkServlet.service(FrameworkServlet.java:846) ~[spring-webmvc-4.3.13.RELEASE.jar:4.3.13.RELEASE]
	at javax.servlet.http.HttpServlet.service(HttpServlet.java:742) ~[tomcat-embed-core-8.5.23.jar:8.5.23]
	at org.apache.catalina.core.ApplicationFilterChain.internalDoFilter(ApplicationFilterChain.java:231) ~[tomcat-embed-core-8.5.23.jar:8.5.23]
	at org.apache.catalina.core.ApplicationFilterChain.doFilter(ApplicationFilterChain.java:166) ~[tomcat-embed-core-8.5.23.jar:8.5.23]
	at org.apache.tomcat.websocket.server.WsFilter.doFilter(WsFilter.java:52) ~[tomcat-embed-websocket-8.5.23.jar:8.5.23]
	at org.apache.catalina.core.ApplicationFilterChain.internalDoFilter(ApplicationFilterChain.java:193) ~[tomcat-embed-core-8.5.23.jar:8.5.23]
	at org.apache.catalina.core.ApplicationFilterChain.doFilter(ApplicationFilterChain.java:166) ~[tomcat-embed-core-8.5.23.jar:8.5.23]
	at org.springframework.web.filter.RequestContextFilter.doFilterInternal(RequestContextFilter.java:99) ~[spring-web-4.3.13.RELEASE.jar:4.3.13.RELEASE]
	at org.springframework.web.filter.OncePerRequestFilter.doFilter(OncePerRequestFilter.java:107) ~[spring-web-4.3.13.RELEASE.jar:4.3.13.RELEASE]
	at org.apache.catalina.core.ApplicationFilterChain.internalDoFilter(ApplicationFilterChain.java:193) ~[tomcat-embed-core-8.5.23.jar:8.5.23]
	at org.apache.catalina.core.ApplicationFilterChain.doFilter(ApplicationFilterChain.java:166) ~[tomcat-embed-core-8.5.23.jar:8.5.23]
	at org.springframework.web.filter.HttpPutFormContentFilter.doFilterInternal(HttpPutFormContentFilter.java:108) ~[spring-web-4.3.13.RELEASE.jar:4.3.13.RELEASE]
	at org.springframework.web.filter.OncePerRequestFilter.doFilter(OncePerRequestFilter.java:107) ~[spring-web-4.3.13.RELEASE.jar:4.3.13.RELEASE]
	at org.apache.catalina.core.ApplicationFilterChain.internalDoFilter(ApplicationFilterChain.java:193) ~[tomcat-embed-core-8.5.23.jar:8.5.23]
	at org.apache.catalina.core.ApplicationFilterChain.doFilter(ApplicationFilterChain.java:166) ~[tomcat-embed-core-8.5.23.jar:8.5.23]
	at org.springframework.web.filter.HiddenHttpMethodFilter.doFilterInternal(HiddenHttpMethodFilter.java:81) ~[spring-web-4.3.13.RELEASE.jar:4.3.13.RELEASE]
	at org.springframework.web.filter.OncePerRequestFilter.doFilter(OncePerRequestFilter.java:107) ~[spring-web-4.3.13.RELEASE.jar:4.3.13.RELEASE]
	at org.apache.catalina.core.ApplicationFilterChain.internalDoFilter(ApplicationFilterChain.java:193) ~[tomcat-embed-core-8.5.23.jar:8.5.23]
	at org.apache.catalina.core.ApplicationFilterChain.doFilter(ApplicationFilterChain.java:166) ~[tomcat-embed-core-8.5.23.jar:8.5.23]
	at org.springframework.web.filter.CharacterEncodingFilter.doFilterInternal(CharacterEncodingFilter.java:197) ~[spring-web-4.3.13.RELEASE.jar:4.3.13.RELEASE]
	at org.springframework.web.filter.OncePerRequestFilter.doFilter(OncePerRequestFilter.java:107) ~[spring-web-4.3.13.RELEASE.jar:4.3.13.RELEASE]
	at org.apache.catalina.core.ApplicationFilterChain.internalDoFilter(ApplicationFilterChain.java:193) ~[tomcat-embed-core-8.5.23.jar:8.5.23]
	at org.apache.catalina.core.ApplicationFilterChain.doFilter(ApplicationFilterChain.java:166) ~[tomcat-embed-core-8.5.23.jar:8.5.23]
	at org.apache.catalina.core.StandardWrapperValve.invoke(StandardWrapperValve.java:199) ~[tomcat-embed-core-8.5.23.jar:8.5.23]
	at org.apache.catalina.core.StandardContextValve.invoke(StandardContextValve.java:96) ~[tomcat-embed-core-8.5.23.jar:8.5.23]
	at org.apache.catalina.authenticator.AuthenticatorBase.invoke(AuthenticatorBase.java:478) ~[tomcat-embed-core-8.5.23.jar:8.5.23]
	at org.apache.catalina.core.StandardHostValve.invoke(StandardHostValve.java:140) ~[tomcat-embed-core-8.5.23.jar:8.5.23]
	at org.apache.catalina.valves.ErrorReportValve.invoke(ErrorReportValve.java:81) ~[tomcat-embed-core-8.5.23.jar:8.5.23]
	at org.apache.catalina.core.StandardEngineValve.invoke(StandardEngineValve.java:87) ~[tomcat-embed-core-8.5.23.jar:8.5.23]
	at org.apache.catalina.connector.CoyoteAdapter.service(CoyoteAdapter.java:342) ~[tomcat-embed-core-8.5.23.jar:8.5.23]
	at org.apache.coyote.http11.Http11Processor.service(Http11Processor.java:803) ~[tomcat-embed-core-8.5.23.jar:8.5.23]
	at org.apache.coyote.AbstractProcessorLight.process(AbstractProcessorLight.java:66) ~[tomcat-embed-core-8.5.23.jar:8.5.23]
	at org.apache.coyote.AbstractProtocol$ConnectionHandler.process(AbstractProtocol.java:868) ~[tomcat-embed-core-8.5.23.jar:8.5.23]
	at org.apache.tomcat.util.net.NioEndpoint$SocketProcessor.doRun(NioEndpoint.java:1459) ~[tomcat-embed-core-8.5.23.jar:8.5.23]
	at org.apache.tomcat.util.net.SocketProcessorBase.run(SocketProcessorBase.java:49) ~[tomcat-embed-core-8.5.23.jar:8.5.23]
	at java.base/java.util.concurrent.ThreadPoolExecutor.runWorker(ThreadPoolExecutor.java:1128) ~[na:na]
	at java.base/java.util.concurrent.ThreadPoolExecutor$Worker.run(ThreadPoolExecutor.java:628) ~[na:na]
	at org.apache.tomcat.util.threads.TaskThread$WrappingRunnable.run(TaskThread.java:61) ~[tomcat-embed-core-8.5.23.jar:8.5.23]
	at java.base/java.lang.Thread.run(Thread.java:834) ~[na:na]

2020-05-28 00:40:39.504  INFO 11292 --- [main] com.xh.App                               : Starting App on DESKTOP-5FCGF56 with PID 11292 (started by 小胖 in D:\360安全浏览器下载\poi-use-master)
2020-05-28 00:40:39.514  INFO 11292 --- [main] com.xh.App                               : No active profile set, falling back to default profiles: default
2020-05-28 00:40:39.714  INFO 11292 --- [main] ationConfigEmbeddedWebApplicationContext : Refreshing org.springframework.boot.context.embedded.AnnotationConfigEmbeddedWebApplicationContext@6f53b8a: startup date [Thu May 28 00:40:39 CST 2020]; root of context hierarchy
2020-05-28 00:40:43.460  INFO 11292 --- [main] s.b.c.e.t.TomcatEmbeddedServletContainer : Tomcat initialized with port(s): 8082 (http)
2020-05-28 00:40:43.495  INFO 11292 --- [main] o.apache.catalina.core.StandardService   : Starting service [Tomcat]
2020-05-28 00:40:43.498  INFO 11292 --- [main] org.apache.catalina.core.StandardEngine  : Starting Servlet Engine: Apache Tomcat/8.5.23
2020-05-28 00:40:43.854  INFO 11292 --- [localhost-startStop-1] o.a.c.c.C.[.[localhost].[/PoiDemo]       : Initializing Spring embedded WebApplicationContext
2020-05-28 00:40:43.856  INFO 11292 --- [localhost-startStop-1] o.s.web.context.ContextLoader            : Root WebApplicationContext: initialization completed in 4141 ms
2020-05-28 00:40:44.110  INFO 11292 --- [localhost-startStop-1] o.s.b.w.servlet.ServletRegistrationBean  : Mapping servlet: 'dispatcherServlet' to [/]
2020-05-28 00:40:44.117  INFO 11292 --- [localhost-startStop-1] o.s.b.w.servlet.FilterRegistrationBean   : Mapping filter: 'characterEncodingFilter' to: [/*]
2020-05-28 00:40:44.119  INFO 11292 --- [localhost-startStop-1] o.s.b.w.servlet.FilterRegistrationBean   : Mapping filter: 'hiddenHttpMethodFilter' to: [/*]
2020-05-28 00:40:44.119  INFO 11292 --- [localhost-startStop-1] o.s.b.w.servlet.FilterRegistrationBean   : Mapping filter: 'httpPutFormContentFilter' to: [/*]
2020-05-28 00:40:44.119  INFO 11292 --- [localhost-startStop-1] o.s.b.w.servlet.FilterRegistrationBean   : Mapping filter: 'requestContextFilter' to: [/*]
2020-05-28 00:40:45.794  INFO 11292 --- [main] s.w.s.m.m.a.RequestMappingHandlerAdapter : Looking for @ControllerAdvice: org.springframework.boot.context.embedded.AnnotationConfigEmbeddedWebApplicationContext@6f53b8a: startup date [Thu May 28 00:40:39 CST 2020]; root of context hierarchy
2020-05-28 00:40:45.921  INFO 11292 --- [main] s.w.s.m.m.a.RequestMappingHandlerMapping : Mapped "{[/siteInfo/importExcel],methods=[POST]}" onto public java.lang.String com.xh.controller.SiteInfoController.importExcel(org.springframework.web.multipart.MultipartFile,java.lang.Integer)
2020-05-28 00:40:45.924  INFO 11292 --- [main] s.w.s.m.m.a.RequestMappingHandlerMapping : Mapped "{[/siteInfo/exportExcel],methods=[GET],produces=[application/force-download;charset=utf-8]}" onto public java.lang.String com.xh.controller.SiteInfoController.exportExcel(java.lang.Integer,java.lang.String,java.lang.String,javax.servlet.http.HttpServletResponse)
2020-05-28 00:40:45.930  INFO 11292 --- [main] s.w.s.m.m.a.RequestMappingHandlerMapping : Mapped "{[/error]}" onto public org.springframework.http.ResponseEntity<java.util.Map<java.lang.String, java.lang.Object>> org.springframework.boot.autoconfigure.web.BasicErrorController.error(javax.servlet.http.HttpServletRequest)
2020-05-28 00:40:45.931  INFO 11292 --- [main] s.w.s.m.m.a.RequestMappingHandlerMapping : Mapped "{[/error],produces=[text/html]}" onto public org.springframework.web.servlet.ModelAndView org.springframework.boot.autoconfigure.web.BasicErrorController.errorHtml(javax.servlet.http.HttpServletRequest,javax.servlet.http.HttpServletResponse)
2020-05-28 00:40:45.993  INFO 11292 --- [main] o.s.w.s.handler.SimpleUrlHandlerMapping  : Mapped URL path [/webjars/**] onto handler of type [class org.springframework.web.servlet.resource.ResourceHttpRequestHandler]
2020-05-28 00:40:45.993  INFO 11292 --- [main] o.s.w.s.handler.SimpleUrlHandlerMapping  : Mapped URL path [/**] onto handler of type [class org.springframework.web.servlet.resource.ResourceHttpRequestHandler]
2020-05-28 00:40:46.069  INFO 11292 --- [main] o.s.w.s.handler.SimpleUrlHandlerMapping  : Mapped URL path [/**/favicon.ico] onto handler of type [class org.springframework.web.servlet.resource.ResourceHttpRequestHandler]
2020-05-28 00:40:46.113  INFO 11292 --- [main] oConfiguration$WelcomePageHandlerMapping : Adding welcome page: class path resource [public/index.html]
2020-05-28 00:40:46.593  INFO 11292 --- [main] o.s.j.e.a.AnnotationMBeanExporter        : Registering beans for JMX exposure on startup
2020-05-28 00:40:46.745  INFO 11292 --- [main] s.b.c.e.t.TomcatEmbeddedServletContainer : Tomcat started on port(s): 8082 (http)
2020-05-28 00:40:46.757  INFO 11292 --- [main] com.xh.App                               : Started App in 8.127 seconds (JVM running for 14.432)
2020-05-28 00:41:35.992  INFO 26328 --- [main] com.xh.App                               : Starting App on DESKTOP-5FCGF56 with PID 26328 (started by 小胖 in D:\360安全浏览器下载\poi-use-master)
2020-05-28 00:41:35.996  INFO 26328 --- [main] com.xh.App                               : No active profile set, falling back to default profiles: default
2020-05-28 00:41:36.194  INFO 26328 --- [main] ationConfigEmbeddedWebApplicationContext : Refreshing org.springframework.boot.context.embedded.AnnotationConfigEmbeddedWebApplicationContext@25be7b63: startup date [Thu May 28 00:41:36 CST 2020]; root of context hierarchy
2020-05-28 00:41:39.748  INFO 26328 --- [main] s.b.c.e.t.TomcatEmbeddedServletContainer : Tomcat initialized with port(s): 8082 (http)
2020-05-28 00:41:39.787  INFO 26328 --- [main] o.apache.catalina.core.StandardService   : Starting service [Tomcat]
2020-05-28 00:41:39.792  INFO 26328 --- [main] org.apache.catalina.core.StandardEngine  : Starting Servlet Engine: Apache Tomcat/8.5.23
2020-05-28 00:41:39.950  INFO 26328 --- [localhost-startStop-1] o.a.c.c.C.[.[localhost].[/PoiDemo]       : Initializing Spring embedded WebApplicationContext
2020-05-28 00:41:39.951  INFO 26328 --- [localhost-startStop-1] o.s.web.context.ContextLoader            : Root WebApplicationContext: initialization completed in 3758 ms
2020-05-28 00:41:40.153  INFO 26328 --- [localhost-startStop-1] o.s.b.w.servlet.ServletRegistrationBean  : Mapping servlet: 'dispatcherServlet' to [/]
2020-05-28 00:41:40.160  INFO 26328 --- [localhost-startStop-1] o.s.b.w.servlet.FilterRegistrationBean   : Mapping filter: 'characterEncodingFilter' to: [/*]
2020-05-28 00:41:40.161  INFO 26328 --- [localhost-startStop-1] o.s.b.w.servlet.FilterRegistrationBean   : Mapping filter: 'hiddenHttpMethodFilter' to: [/*]
2020-05-28 00:41:40.162  INFO 26328 --- [localhost-startStop-1] o.s.b.w.servlet.FilterRegistrationBean   : Mapping filter: 'httpPutFormContentFilter' to: [/*]
2020-05-28 00:41:40.162  INFO 26328 --- [localhost-startStop-1] o.s.b.w.servlet.FilterRegistrationBean   : Mapping filter: 'requestContextFilter' to: [/*]
2020-05-28 00:41:40.953  INFO 26328 --- [main] s.w.s.m.m.a.RequestMappingHandlerAdapter : Looking for @ControllerAdvice: org.springframework.boot.context.embedded.AnnotationConfigEmbeddedWebApplicationContext@25be7b63: startup date [Thu May 28 00:41:36 CST 2020]; root of context hierarchy
2020-05-28 00:41:41.022  INFO 26328 --- [main] s.w.s.m.m.a.RequestMappingHandlerMapping : Mapped "{[/siteInfo/exportExcel],methods=[GET],produces=[application/force-download;charset=utf-8]}" onto public java.lang.String com.xh.controller.SiteInfoController.exportExcel(java.lang.Integer,java.lang.String,java.lang.String,javax.servlet.http.HttpServletResponse)
2020-05-28 00:41:41.024  INFO 26328 --- [main] s.w.s.m.m.a.RequestMappingHandlerMapping : Mapped "{[/siteInfo/importExcel],methods=[POST]}" onto public java.lang.String com.xh.controller.SiteInfoController.importExcel(org.springframework.web.multipart.MultipartFile,java.lang.Integer)
2020-05-28 00:41:41.026  INFO 26328 --- [main] s.w.s.m.m.a.RequestMappingHandlerMapping : Mapped "{[/error]}" onto public org.springframework.http.ResponseEntity<java.util.Map<java.lang.String, java.lang.Object>> org.springframework.boot.autoconfigure.web.BasicErrorController.error(javax.servlet.http.HttpServletRequest)
2020-05-28 00:41:41.027  INFO 26328 --- [main] s.w.s.m.m.a.RequestMappingHandlerMapping : Mapped "{[/error],produces=[text/html]}" onto public org.springframework.web.servlet.ModelAndView org.springframework.boot.autoconfigure.web.BasicErrorController.errorHtml(javax.servlet.http.HttpServletRequest,javax.servlet.http.HttpServletResponse)
2020-05-28 00:41:41.061  INFO 26328 --- [main] o.s.w.s.handler.SimpleUrlHandlerMapping  : Mapped URL path [/webjars/**] onto handler of type [class org.springframework.web.servlet.resource.ResourceHttpRequestHandler]
2020-05-28 00:41:41.061  INFO 26328 --- [main] o.s.w.s.handler.SimpleUrlHandlerMapping  : Mapped URL path [/**] onto handler of type [class org.springframework.web.servlet.resource.ResourceHttpRequestHandler]
2020-05-28 00:41:41.103  INFO 26328 --- [main] o.s.w.s.handler.SimpleUrlHandlerMapping  : Mapped URL path [/**/favicon.ico] onto handler of type [class org.springframework.web.servlet.resource.ResourceHttpRequestHandler]
2020-05-28 00:41:41.129  INFO 26328 --- [main] oConfiguration$WelcomePageHandlerMapping : Adding welcome page: class path resource [public/index.html]
2020-05-28 00:41:41.390  INFO 26328 --- [main] o.s.j.e.a.AnnotationMBeanExporter        : Registering beans for JMX exposure on startup
2020-05-28 00:41:41.451  INFO 26328 --- [main] s.b.c.e.t.TomcatEmbeddedServletContainer : Tomcat started on port(s): 8082 (http)
2020-05-28 00:41:41.458  INFO 26328 --- [main] com.xh.App                               : Started App in 6.349 seconds (JVM running for 8.738)
2020-05-28 01:08:32.555  INFO 18936 --- [main] com.xh.App                               : Starting App on DESKTOP-5FCGF56 with PID 18936 (started by 小胖 in D:\360安全浏览器下载\poi-use-master)
2020-05-28 01:08:32.560  INFO 18936 --- [main] com.xh.App                               : No active profile set, falling back to default profiles: default
2020-05-28 01:08:32.671  INFO 18936 --- [main] ationConfigEmbeddedWebApplicationContext : Refreshing org.springframework.boot.context.embedded.AnnotationConfigEmbeddedWebApplicationContext@25be7b63: startup date [Thu May 28 01:08:32 CST 2020]; root of context hierarchy
2020-05-28 01:08:35.757  INFO 18936 --- [main] s.b.c.e.t.TomcatEmbeddedServletContainer : Tomcat initialized with port(s): 8082 (http)
2020-05-28 01:08:35.778  INFO 18936 --- [main] o.apache.catalina.core.StandardService   : Starting service [Tomcat]
2020-05-28 01:08:35.780  INFO 18936 --- [main] org.apache.catalina.core.StandardEngine  : Starting Servlet Engine: Apache Tomcat/8.5.23
2020-05-28 01:08:35.903  INFO 18936 --- [localhost-startStop-1] o.a.c.c.C.[.[localhost].[/PoiDemo]       : Initializing Spring embedded WebApplicationContext
2020-05-28 01:08:35.904  INFO 18936 --- [localhost-startStop-1] o.s.web.context.ContextLoader            : Root WebApplicationContext: initialization completed in 3233 ms
2020-05-28 01:08:36.122  INFO 18936 --- [localhost-startStop-1] o.s.b.w.servlet.ServletRegistrationBean  : Mapping servlet: 'dispatcherServlet' to [/]
2020-05-28 01:08:36.134  INFO 18936 --- [localhost-startStop-1] o.s.b.w.servlet.FilterRegistrationBean   : Mapping filter: 'characterEncodingFilter' to: [/*]
2020-05-28 01:08:36.136  INFO 18936 --- [localhost-startStop-1] o.s.b.w.servlet.FilterRegistrationBean   : Mapping filter: 'hiddenHttpMethodFilter' to: [/*]
2020-05-28 01:08:36.136  INFO 18936 --- [localhost-startStop-1] o.s.b.w.servlet.FilterRegistrationBean   : Mapping filter: 'httpPutFormContentFilter' to: [/*]
2020-05-28 01:08:36.137  INFO 18936 --- [localhost-startStop-1] o.s.b.w.servlet.FilterRegistrationBean   : Mapping filter: 'requestContextFilter' to: [/*]
2020-05-28 01:08:37.248  INFO 18936 --- [main] s.w.s.m.m.a.RequestMappingHandlerAdapter : Looking for @ControllerAdvice: org.springframework.boot.context.embedded.AnnotationConfigEmbeddedWebApplicationContext@25be7b63: startup date [Thu May 28 01:08:32 CST 2020]; root of context hierarchy
2020-05-28 01:08:37.323  INFO 18936 --- [main] s.w.s.m.m.a.RequestMappingHandlerMapping : Mapped "{[/user/exportExcel],methods=[GET],produces=[application/force-download;charset=utf-8]}" onto public java.lang.String com.xh.controller.UserController.exportExcel(java.lang.Integer,java.lang.String,java.lang.String,javax.servlet.http.HttpServletResponse)
2020-05-28 01:08:37.324  INFO 18936 --- [main] s.w.s.m.m.a.RequestMappingHandlerMapping : Mapped "{[/user/selectOne],methods=[GET]}" onto public com.xh.entity.User com.xh.controller.UserController.selectOne(java.lang.Integer)
2020-05-28 01:08:37.325  INFO 18936 --- [main] s.w.s.m.m.a.RequestMappingHandlerMapping : Mapped "{[/user/importExcel],methods=[POST]}" onto public java.lang.String com.xh.controller.UserController.importExcel(org.springframework.web.multipart.MultipartFile,java.lang.Integer)
2020-05-28 01:08:37.327  INFO 18936 --- [main] s.w.s.m.m.a.RequestMappingHandlerMapping : Mapped "{[/error]}" onto public org.springframework.http.ResponseEntity<java.util.Map<java.lang.String, java.lang.Object>> org.springframework.boot.autoconfigure.web.BasicErrorController.error(javax.servlet.http.HttpServletRequest)
2020-05-28 01:08:37.328  INFO 18936 --- [main] s.w.s.m.m.a.RequestMappingHandlerMapping : Mapped "{[/error],produces=[text/html]}" onto public org.springframework.web.servlet.ModelAndView org.springframework.boot.autoconfigure.web.BasicErrorController.errorHtml(javax.servlet.http.HttpServletRequest,javax.servlet.http.HttpServletResponse)
2020-05-28 01:08:37.385  INFO 18936 --- [main] o.s.w.s.handler.SimpleUrlHandlerMapping  : Mapped URL path [/webjars/**] onto handler of type [class org.springframework.web.servlet.resource.ResourceHttpRequestHandler]
2020-05-28 01:08:37.386  INFO 18936 --- [main] o.s.w.s.handler.SimpleUrlHandlerMapping  : Mapped URL path [/**] onto handler of type [class org.springframework.web.servlet.resource.ResourceHttpRequestHandler]
2020-05-28 01:08:37.442  INFO 18936 --- [main] o.s.w.s.handler.SimpleUrlHandlerMapping  : Mapped URL path [/**/favicon.ico] onto handler of type [class org.springframework.web.servlet.resource.ResourceHttpRequestHandler]
2020-05-28 01:08:37.468  INFO 18936 --- [main] oConfiguration$WelcomePageHandlerMapping : Adding welcome page: class path resource [public/index.html]
2020-05-28 01:08:37.961  INFO 18936 --- [main] o.s.j.e.a.AnnotationMBeanExporter        : Registering beans for JMX exposure on startup
2020-05-28 01:08:38.072  INFO 18936 --- [main] s.b.c.e.t.TomcatEmbeddedServletContainer : Tomcat started on port(s): 8082 (http)
2020-05-28 01:08:38.079  INFO 18936 --- [main] com.xh.App                               : Started App in 6.838 seconds (JVM running for 8.756)
2020-05-28 01:09:15.767  INFO 20360 --- [main] com.xh.App                               : Starting App on DESKTOP-5FCGF56 with PID 20360 (started by 小胖 in D:\360安全浏览器下载\poi-use-master)
2020-05-28 01:09:15.771  INFO 20360 --- [main] com.xh.App                               : No active profile set, falling back to default profiles: default
2020-05-28 01:09:15.856  INFO 20360 --- [main] ationConfigEmbeddedWebApplicationContext : Refreshing org.springframework.boot.context.embedded.AnnotationConfigEmbeddedWebApplicationContext@25be7b63: startup date [Thu May 28 01:09:15 CST 2020]; root of context hierarchy
2020-05-28 01:09:18.164  INFO 20360 --- [main] s.b.c.e.t.TomcatEmbeddedServletContainer : Tomcat initialized with port(s): 8082 (http)
2020-05-28 01:09:18.184  INFO 20360 --- [main] o.apache.catalina.core.StandardService   : Starting service [Tomcat]
2020-05-28 01:09:18.186  INFO 20360 --- [main] org.apache.catalina.core.StandardEngine  : Starting Servlet Engine: Apache Tomcat/8.5.23
2020-05-28 01:09:18.279  INFO 20360 --- [localhost-startStop-1] o.a.c.c.C.[.[localhost].[/PoiDemo]       : Initializing Spring embedded WebApplicationContext
2020-05-28 01:09:18.281  INFO 20360 --- [localhost-startStop-1] o.s.web.context.ContextLoader            : Root WebApplicationContext: initialization completed in 2424 ms
2020-05-28 01:09:18.430  INFO 20360 --- [localhost-startStop-1] o.s.b.w.servlet.ServletRegistrationBean  : Mapping servlet: 'dispatcherServlet' to [/]
2020-05-28 01:09:18.436  INFO 20360 --- [localhost-startStop-1] o.s.b.w.servlet.FilterRegistrationBean   : Mapping filter: 'characterEncodingFilter' to: [/*]
2020-05-28 01:09:18.437  INFO 20360 --- [localhost-startStop-1] o.s.b.w.servlet.FilterRegistrationBean   : Mapping filter: 'hiddenHttpMethodFilter' to: [/*]
2020-05-28 01:09:18.437  INFO 20360 --- [localhost-startStop-1] o.s.b.w.servlet.FilterRegistrationBean   : Mapping filter: 'httpPutFormContentFilter' to: [/*]
2020-05-28 01:09:18.437  INFO 20360 --- [localhost-startStop-1] o.s.b.w.servlet.FilterRegistrationBean   : Mapping filter: 'requestContextFilter' to: [/*]
2020-05-28 01:09:19.081  INFO 20360 --- [main] s.w.s.m.m.a.RequestMappingHandlerAdapter : Looking for @ControllerAdvice: org.springframework.boot.context.embedded.AnnotationConfigEmbeddedWebApplicationContext@25be7b63: startup date [Thu May 28 01:09:15 CST 2020]; root of context hierarchy
2020-05-28 01:09:19.133  INFO 20360 --- [main] s.w.s.m.m.a.RequestMappingHandlerMapping : Mapped "{[/user/exportExcel],methods=[GET],produces=[application/force-download;charset=utf-8]}" onto public java.lang.String com.xh.controller.UserController.exportExcel(java.lang.Integer,java.lang.String,java.lang.String,javax.servlet.http.HttpServletResponse)
2020-05-28 01:09:19.134  INFO 20360 --- [main] s.w.s.m.m.a.RequestMappingHandlerMapping : Mapped "{[/user/selectOne],methods=[GET]}" onto public com.xh.entity.User com.xh.controller.UserController.selectOne(java.lang.Integer)
2020-05-28 01:09:19.135  INFO 20360 --- [main] s.w.s.m.m.a.RequestMappingHandlerMapping : Mapped "{[/user/importExcel],methods=[POST]}" onto public java.lang.String com.xh.controller.UserController.importExcel(org.springframework.web.multipart.MultipartFile,java.lang.Integer)
2020-05-28 01:09:19.136  INFO 20360 --- [main] s.w.s.m.m.a.RequestMappingHandlerMapping : Mapped "{[/error]}" onto public org.springframework.http.ResponseEntity<java.util.Map<java.lang.String, java.lang.Object>> org.springframework.boot.autoconfigure.web.BasicErrorController.error(javax.servlet.http.HttpServletRequest)
2020-05-28 01:09:19.137  INFO 20360 --- [main] s.w.s.m.m.a.RequestMappingHandlerMapping : Mapped "{[/error],produces=[text/html]}" onto public org.springframework.web.servlet.ModelAndView org.springframework.boot.autoconfigure.web.BasicErrorController.errorHtml(javax.servlet.http.HttpServletRequest,javax.servlet.http.HttpServletResponse)
2020-05-28 01:09:19.175  INFO 20360 --- [main] o.s.w.s.handler.SimpleUrlHandlerMapping  : Mapped URL path [/webjars/**] onto handler of type [class org.springframework.web.servlet.resource.ResourceHttpRequestHandler]
2020-05-28 01:09:19.176  INFO 20360 --- [main] o.s.w.s.handler.SimpleUrlHandlerMapping  : Mapped URL path [/**] onto handler of type [class org.springframework.web.servlet.resource.ResourceHttpRequestHandler]
2020-05-28 01:09:19.209  INFO 20360 --- [main] o.s.w.s.handler.SimpleUrlHandlerMapping  : Mapped URL path [/**/favicon.ico] onto handler of type [class org.springframework.web.servlet.resource.ResourceHttpRequestHandler]
2020-05-28 01:09:19.232  INFO 20360 --- [main] oConfiguration$WelcomePageHandlerMapping : Adding welcome page: class path resource [public/index.html]
2020-05-28 01:09:19.469  INFO 20360 --- [main] o.s.j.e.a.AnnotationMBeanExporter        : Registering beans for JMX exposure on startup
2020-05-28 01:09:19.525  INFO 20360 --- [main] s.b.c.e.t.TomcatEmbeddedServletContainer : Tomcat started on port(s): 8082 (http)
2020-05-28 01:09:19.530  INFO 20360 --- [main] com.xh.App                               : Started App in 4.342 seconds (JVM running for 6.331)
2020-05-28 01:09:35.020  INFO 20360 --- [http-nio-8082-exec-6] o.a.c.c.C.[.[localhost].[/PoiDemo]       : Initializing Spring FrameworkServlet 'dispatcherServlet'
2020-05-28 01:09:35.022  INFO 20360 --- [http-nio-8082-exec-6] o.s.web.servlet.DispatcherServlet        : FrameworkServlet 'dispatcherServlet': initialization started
2020-05-28 01:09:35.048  INFO 20360 --- [http-nio-8082-exec-6] o.s.web.servlet.DispatcherServlet        : FrameworkServlet 'dispatcherServlet': initialization completed in 26 ms
2020-05-28 01:09:35.084  WARN 20360 --- [http-nio-8082-exec-6] o.s.web.servlet.PageNotFound             : Request method 'GET' not supported
2020-05-28 01:09:39.147  WARN 20360 --- [http-nio-8082-exec-7] o.s.web.servlet.PageNotFound             : Request method 'GET' not supported
2020-05-28 01:12:55.892  INFO 14952 --- [main] com.xh.App                               : Starting App on DESKTOP-5FCGF56 with PID 14952 (started by 小胖 in D:\360安全浏览器下载\poi-use-master)
2020-05-28 01:12:55.896  INFO 14952 --- [main] com.xh.App                               : No active profile set, falling back to default profiles: default
2020-05-28 01:12:56.015  INFO 14952 --- [main] ationConfigEmbeddedWebApplicationContext : Refreshing org.springframework.boot.context.embedded.AnnotationConfigEmbeddedWebApplicationContext@25be7b63: startup date [Thu May 28 01:12:56 CST 2020]; root of context hierarchy
2020-05-28 01:12:58.915  INFO 14952 --- [main] s.b.c.e.t.TomcatEmbeddedServletContainer : Tomcat initialized with port(s): 8082 (http)
2020-05-28 01:12:58.931  INFO 14952 --- [main] o.apache.catalina.core.StandardService   : Starting service [Tomcat]
2020-05-28 01:12:58.934  INFO 14952 --- [main] org.apache.catalina.core.StandardEngine  : Starting Servlet Engine: Apache Tomcat/8.5.23
2020-05-28 01:12:59.054  INFO 14952 --- [localhost-startStop-1] o.a.c.c.C.[.[localhost].[/PoiDemo]       : Initializing Spring embedded WebApplicationContext
2020-05-28 01:12:59.056  INFO 14952 --- [localhost-startStop-1] o.s.web.context.ContextLoader            : Root WebApplicationContext: initialization completed in 3041 ms
2020-05-28 01:12:59.283  INFO 14952 --- [localhost-startStop-1] o.s.b.w.servlet.ServletRegistrationBean  : Mapping servlet: 'dispatcherServlet' to [/]
2020-05-28 01:12:59.291  INFO 14952 --- [localhost-startStop-1] o.s.b.w.servlet.FilterRegistrationBean   : Mapping filter: 'characterEncodingFilter' to: [/*]
2020-05-28 01:12:59.291  INFO 14952 --- [localhost-startStop-1] o.s.b.w.servlet.FilterRegistrationBean   : Mapping filter: 'hiddenHttpMethodFilter' to: [/*]
2020-05-28 01:12:59.291  INFO 14952 --- [localhost-startStop-1] o.s.b.w.servlet.FilterRegistrationBean   : Mapping filter: 'httpPutFormContentFilter' to: [/*]
2020-05-28 01:12:59.292  INFO 14952 --- [localhost-startStop-1] o.s.b.w.servlet.FilterRegistrationBean   : Mapping filter: 'requestContextFilter' to: [/*]
2020-05-28 01:13:00.298  INFO 14952 --- [main] s.w.s.m.m.a.RequestMappingHandlerAdapter : Looking for @ControllerAdvice: org.springframework.boot.context.embedded.AnnotationConfigEmbeddedWebApplicationContext@25be7b63: startup date [Thu May 28 01:12:56 CST 2020]; root of context hierarchy
2020-05-28 01:13:00.392  INFO 14952 --- [main] s.w.s.m.m.a.RequestMappingHandlerMapping : Mapped "{[/user/importExcel],methods=[POST]}" onto public java.lang.String com.xh.controller.UserController.importExcel(org.springframework.web.multipart.MultipartFile,java.lang.Integer)
2020-05-28 01:13:00.393  INFO 14952 --- [main] s.w.s.m.m.a.RequestMappingHandlerMapping : Mapped "{[/user/exportExcel],methods=[GET],produces=[application/force-download;charset=utf-8]}" onto public java.lang.String com.xh.controller.UserController.exportExcel(java.lang.Integer,java.lang.String,java.lang.String,javax.servlet.http.HttpServletResponse)
2020-05-28 01:13:00.395  INFO 14952 --- [main] s.w.s.m.m.a.RequestMappingHandlerMapping : Mapped "{[/user/selectOne],methods=[GET]}" onto public com.xh.entity.User com.xh.controller.UserController.selectOne(java.lang.Integer)
2020-05-28 01:13:00.399  INFO 14952 --- [main] s.w.s.m.m.a.RequestMappingHandlerMapping : Mapped "{[/error]}" onto public org.springframework.http.ResponseEntity<java.util.Map<java.lang.String, java.lang.Object>> org.springframework.boot.autoconfigure.web.BasicErrorController.error(javax.servlet.http.HttpServletRequest)
2020-05-28 01:13:00.400  INFO 14952 --- [main] s.w.s.m.m.a.RequestMappingHandlerMapping : Mapped "{[/error],produces=[text/html]}" onto public org.springframework.web.servlet.ModelAndView org.springframework.boot.autoconfigure.web.BasicErrorController.errorHtml(javax.servlet.http.HttpServletRequest,javax.servlet.http.HttpServletResponse)
2020-05-28 01:13:00.443  INFO 14952 --- [main] o.s.w.s.handler.SimpleUrlHandlerMapping  : Mapped URL path [/webjars/**] onto handler of type [class org.springframework.web.servlet.resource.ResourceHttpRequestHandler]
2020-05-28 01:13:00.444  INFO 14952 --- [main] o.s.w.s.handler.SimpleUrlHandlerMapping  : Mapped URL path [/**] onto handler of type [class org.springframework.web.servlet.resource.ResourceHttpRequestHandler]
2020-05-28 01:13:00.494  INFO 14952 --- [main] o.s.w.s.handler.SimpleUrlHandlerMapping  : Mapped URL path [/**/favicon.ico] onto handler of type [class org.springframework.web.servlet.resource.ResourceHttpRequestHandler]
2020-05-28 01:13:00.533  INFO 14952 --- [main] oConfiguration$WelcomePageHandlerMapping : Adding welcome page: class path resource [public/index.html]
2020-05-28 01:13:00.818  INFO 14952 --- [main] o.s.j.e.a.AnnotationMBeanExporter        : Registering beans for JMX exposure on startup
2020-05-28 01:13:00.917  INFO 14952 --- [main] s.b.c.e.t.TomcatEmbeddedServletContainer : Tomcat started on port(s): 8082 (http)
2020-05-28 01:13:00.923  INFO 14952 --- [main] com.xh.App                               : Started App in 5.748 seconds (JVM running for 8.396)
2020-05-28 01:13:16.657  INFO 14952 --- [http-nio-8082-exec-1] o.a.c.c.C.[.[localhost].[/PoiDemo]       : Initializing Spring FrameworkServlet 'dispatcherServlet'
2020-05-28 01:13:16.658  INFO 14952 --- [http-nio-8082-exec-1] o.s.web.servlet.DispatcherServlet        : FrameworkServlet 'dispatcherServlet': initialization started
2020-05-28 01:13:16.689  INFO 14952 --- [http-nio-8082-exec-1] o.s.web.servlet.DispatcherServlet        : FrameworkServlet 'dispatcherServlet': initialization completed in 30 ms
2020-05-28 01:13:16.718  WARN 14952 --- [http-nio-8082-exec-1] o.s.web.servlet.PageNotFound             : Request method 'GET' not supported
2020-05-28 01:14:23.466  WARN 14952 --- [http-nio-8082-exec-6] o.s.web.servlet.PageNotFound             : Request method 'GET' not supported
2020-05-28 01:14:44.957  WARN 14952 --- [http-nio-8082-exec-9] o.s.web.servlet.PageNotFound             : Request method 'GET' not supported
